#
# There is insufficient memory for the Java Runtime Environment to continue.
# Native memory allocation (mmap) failed to map 268435456 bytes for Failed to commit area from 0x0000000701a00000 to 0x0000000711a00000 of length 268435456.
# Possible reasons:
#   The system is out of physical RAM or swap space
#   The process is running with CompressedOops enabled, and the Java Heap may be blocking the growth of the native heap
# Possible solutions:
#   Reduce memory load on the system
#   Increase physical memory or swap space
#   Check if swap backing store is full
#   Decrease Java heap size (-Xmx/-Xms)
#   Decrease number of Java threads
#   Decrease Java thread stack sizes (-Xss)
#   Set larger code cache with -XX:ReservedCodeCacheSize=
# This output file may be truncated or incomplete.
#
#  Out of Memory Error (c:/BuildAgent/work/5ff2f6c26000d570/src/hotspot/os/windows/os_windows.cpp:3281), pid=7996, tid=25860
#
# JRE version:  (11.0.4+10) (build )
# Java VM: OpenJDK 64-Bit Server VM (11.0.4+10-b304.78, mixed mode, aot, sharing, tiered, compressed oops, g1 gc, windows-amd64)
# No core dump will be written. Minidumps are not enabled by default on client versions of Windows
#

---------------  S U M M A R Y ------------

Command Line: org.jetbrains.git4idea.http.GitAskPassApp Username for 'https://github.com': 

Host: Intel(R) Core(TM) i7-7700HQ CPU @ 2.80GHz, 8 cores, 15G,  Windows 10 , 64 bit Build 19041 (10.0.19041.804)
Time: Sun Apr 18 17:15:34 2021 Jerusalem Daylight Time elapsed time: 0 seconds (0d 0h 0m 0s)

---------------  T H R E A D  ---------------

Current thread (0x00000148300c4800):  JavaThread "Unknown thread" [_thread_in_vm, id=25860, stack(0x0000000a94b00000,0x0000000a94c00000)]

Stack: [0x0000000a94b00000,0x0000000a94c00000]
Native frames: (J=compiled Java code, j=interpreted, Vv=VM code, C=native code)
V  [jvm.dll+0x5db31a]
V  [jvm.dll+0x70c395]
V  [jvm.dll+0x70d8b8]
V  [jvm.dll+0x70df83]
V  [jvm.dll+0x23dbb8]
V  [jvm.dll+0x5d8a74]
V  [jvm.dll+0x5cdb05]
V  [jvm.dll+0x2fa5bb]
V  [jvm.dll+0x2fa52a]
V  [jvm.dll+0x2fa402]
V  [jvm.dll+0x2ff2c6]
V  [jvm.dll+0x347893]
V  [jvm.dll+0x347f96]
V  [jvm.dll+0x347993]
V  [jvm.dll+0x2d4e28]
V  [jvm.dll+0x2d5fd7]
V  [jvm.dll+0x6eb717]
V  [jvm.dll+0x6ecf0c]
V  [jvm.dll+0x354fb9]
V  [jvm.dll+0x6d35be]
V  [jvm.dll+0x3bd673]
V  [jvm.dll+0x3bf9f1]
C  [java.exe+0x3763]
C  [java.exe+0x17a0c]
C  [KERNEL32.DLL+0x17034]
C  [ntdll.dll+0x52651]


---------------  P R O C E S S  ---------------

Threads class SMR info:
_java_thread_list=0x000001482dee5060, length=0, elements={
}

Java Threads: ( => current thread )

Other Threads:
  0x00000148300dd800 GCTaskThread "GC Thread#0" [stack: 0x0000000a94c00000,0x0000000a94d00000] [id=14648]
  0x000001483013e800 ConcurrentGCThread "G1 Main Marker" [stack: 0x0000000a94d00000,0x0000000a94e00000] [id=17072]
  0x000001483013f800 ConcurrentGCThread "G1 Conc#0" [stack: 0x0000000a94e00000,0x0000000a94f00000] [id=7776]

[error occurred during error reporting (printing all threads), id 0xc0000005, EXCEPTION_ACCESS_VIOLATION (0xc0000005) at pc=0x00007ffe26995727]

VM state:not at safepoint (not fully initialized)

VM Mutex/Monitor currently owned by a thread:  ([mutex/lock_event])
[0x00000148300c3fd0] Heap_lock - owner thread: 0x00000148300c4800

Heap address: 0x0000000701a00000, size: 4070 MB, Compressed Oops mode: Non-zero based: 0x0000000701a00000
Narrow klass base: 0x0000000000000000, Narrow klass shift: 0

GC Heap History (0 events):
No events

Deoptimization events (0 events):
No events

Classes redefined (0 events):
No events

Internal exceptions (0 events):
No events

Events (0 events):
No events


Dynamic libraries:
0x00007ff71a630000 - 0x00007ff71a677000 	C:\Program Files\JetBrains\PyCharm Community Edition 2019.2.5\jbr\bin\java.exe
0x00007ffeaa210000 - 0x00007ffeaa405000 	C:\WINDOWS\SYSTEM32\ntdll.dll
0x00007ffea97b0000 - 0x00007ffea986d000 	C:\WINDOWS\System32\KERNEL32.DLL
0x00007ffea7e40000 - 0x00007ffea8109000 	C:\WINDOWS\System32\KERNELBASE.dll
0x00007ffea94c0000 - 0x00007ffea9660000 	C:\WINDOWS\System32\USER32.dll
0x00007ffea7d10000 - 0x00007ffea7d32000 	C:\WINDOWS\System32\win32u.dll
0x00007ffea8320000 - 0x00007ffea834a000 	C:\WINDOWS\System32\GDI32.dll
0x00007ffea7c00000 - 0x00007ffea7d0b000 	C:\WINDOWS\System32\gdi32full.dll
0x00007ffea7b10000 - 0x00007ffea7bad000 	C:\WINDOWS\System32\msvcp_win.dll
0x00007ffea7d40000 - 0x00007ffea7e40000 	C:\WINDOWS\System32\ucrtbase.dll
0x00007ffe986f0000 - 0x00007ffe9898a000 	C:\WINDOWS\WinSxS\amd64_microsoft.windows.common-controls_6595b64144ccf1df_6.0.19041.844_none_ca00b6081b84eb1d\COMCTL32.dll
0x00007ffea9660000 - 0x00007ffea96fe000 	C:\WINDOWS\System32\msvcrt.dll
0x00007ffea84f0000 - 0x00007ffea8520000 	C:\WINDOWS\System32\IMM32.DLL
0x00007ffe7bf30000 - 0x00007ffe7bf47000 	C:\Program Files\JetBrains\PyCharm Community Edition 2019.2.5\jbr\bin\vcruntime140.dll
0x00007ffe534e0000 - 0x00007ffe5357d000 	C:\Program Files\JetBrains\PyCharm Community Edition 2019.2.5\jbr\bin\msvcp140.dll
0x00007ffe266b0000 - 0x00007ffe27168000 	C:\Program Files\JetBrains\PyCharm Community Edition 2019.2.5\jbr\bin\server\jvm.dll
0x00007ffea8430000 - 0x00007ffea84dc000 	C:\WINDOWS\System32\ADVAPI32.dll
0x00007ffea9dd0000 - 0x00007ffea9e6c000 	C:\WINDOWS\System32\sechost.dll
0x00007ffea86b0000 - 0x00007ffea87db000 	C:\WINDOWS\System32\RPCRT4.dll
0x00007ffea94b0000 - 0x00007ffea94b8000 	C:\WINDOWS\System32\PSAPI.DLL
0x00007ffe9f630000 - 0x00007ffe9f63a000 	C:\WINDOWS\SYSTEM32\VERSION.dll
0x00007ffe91ff0000 - 0x00007ffe91ff9000 	C:\WINDOWS\SYSTEM32\WSOCK32.dll
0x00007ffe9c730000 - 0x00007ffe9c757000 	C:\WINDOWS\SYSTEM32\WINMM.dll
0x00007ffea9100000 - 0x00007ffea916b000 	C:\WINDOWS\System32\WS2_32.dll
0x00007ffea6230000 - 0x00007ffea6242000 	C:\WINDOWS\SYSTEM32\kernel.appcore.dll
0x00007ffe9dc10000 - 0x00007ffe9dc21000 	C:\Program Files\JetBrains\PyCharm Community Edition 2019.2.5\jbr\bin\verify.dll
0x00007ffea4e80000 - 0x00007ffea5064000 	C:\WINDOWS\SYSTEM32\DBGHELP.DLL
0x00007ffe95bb0000 - 0x00007ffe95bdc000 	C:\WINDOWS\SYSTEM32\dbgcore.DLL
0x00007ffea7950000 - 0x00007ffea79d0000 	C:\WINDOWS\System32\bcryptPrimitives.dll
0x00007ffe7b580000 - 0x00007ffe7b5a9000 	C:\Program Files\JetBrains\PyCharm Community Edition 2019.2.5\jbr\bin\java.dll
0x00007ffe97970000 - 0x00007ffe97987000 	C:\Program Files\JetBrains\PyCharm Community Edition 2019.2.5\jbr\bin\zip.dll
0x00007ffea14f0000 - 0x00007ffea14fb000 	C:\Program Files\JetBrains\PyCharm Community Edition 2019.2.5\jbr\bin\jimage.dll

dbghelp: loaded successfully - version: 4.0.5 - missing functions: none
symbol engine: initialized successfully - sym options: 0x614 - pdb path: .;C:\Program Files\JetBrains\PyCharm Community Edition 2019.2.5\jbr\bin;C:\WINDOWS\SYSTEM32;C:\WINDOWS\WinSxS\amd64_microsoft.windows.common-controls_6595b64144ccf1df_6.0.19041.844_none_ca00b6081b84eb1d;C:\Program Files\JetBrains\PyCharm Community Edition 2019.2.5\jbr\bin\server

VM Arguments:
java_command: org.jetbrains.git4idea.http.GitAskPassApp Username for 'https://github.com': 
java_class_path (initial): C:/Program Files/JetBrains/PyCharm Community Edition 2019.2.5/plugins/git4idea/lib/git4idea-rt.jar;C:/Program Files/JetBrains/PyCharm Community Edition 2019.2.5/lib/xmlrpc-2.0.1.jar;C:/Program Files/JetBrains/PyCharm Community Edition 2019.2.5/lib/commons-codec-1.13.jar;C:/Program Files/JetBrains/PyCharm Community Edition 2019.2.5/lib/util.jar
Launcher Type: SUN_STANDARD

[Global flags]
     intx CICompilerCount                          = 4                                         {product} {ergonomic}
     uint ConcGCThreads                            = 2                                         {product} {ergonomic}
     uint G1ConcRefinementThreads                  = 8                                         {product} {ergonomic}
   size_t G1HeapRegionSize                         = 1048576                                   {product} {ergonomic}
    uintx GCDrainStackTargetSize                   = 64                                        {product} {ergonomic}
   size_t InitialHeapSize                          = 268435456                                 {product} {ergonomic}
   size_t MarkStackSize                            = 4194304                                   {product} {ergonomic}
   size_t MaxHeapSize                              = 4267704320                                {product} {ergonomic}
   size_t MinHeapDeltaBytes                        = 1048576                                   {product} {ergonomic}
    uintx NonNMethodCodeHeapSize                   = 5835340                                {pd product} {ergonomic}
    uintx NonProfiledCodeHeapSize                  = 122911450                              {pd product} {ergonomic}
    uintx ProfiledCodeHeapSize                     = 122911450                              {pd product} {ergonomic}
    uintx ReservedCodeCacheSize                    = 251658240                              {pd product} {ergonomic}
     bool SegmentedCodeCache                       = true                                      {product} {ergonomic}
     bool UseCompressedClassPointers               = true                                 {lp64_product} {ergonomic}
     bool UseCompressedOops                        = true                                 {lp64_product} {ergonomic}
     bool UseG1GC                                  = true                                      {product} {ergonomic}
     bool UseLargePagesIndividualAllocation        = false                                  {pd product} {ergonomic}

Logging:
Log output configuration:
 #0: stdout all=warning uptime,level,tags
 #1: stderr all=off uptime,level,tags

Environment Variables:
JAVA_HOME=C:\Program Files\Java\jdk-14\bin
CLASSPATH=C:\Program Files\Java\jdk-14\lib\*.jar
PATH=C:/Program Files/Git/mingw64/libexec/git-core;C:/Program Files/Git/mingw64/libexec/git-core;C:\Program Files\Git\mingw64\bin;C:\Program Files\Git\usr\bin;C:\Users\rotem\bin;D:\app\oracle\product\11.2.0\server\bin;C:\Program Files (x86)\Common Files\Oracle\Java\javapath;C:\Program Files (x86)\Intel\iCLS Client\;C:\Program Files\Intel\iCLS Client\;C:\Windows\system32;C:\Windows;C:\Windows\System32\Wbem;C:\Windows\System32\WindowsPowerShell\v1.0\;C:\Program Files (x86)\Intel\Intel(R) Management Engine Components\DAL;C:\Program Files\Intel\Intel(R) Management Engine Components\DAL;C:\Program Files (x86)\Intel\Intel(R) Management Engine Components\IPT;C:\Program Files\Intel\Intel(R) Management Engine Components\IPT;C:\Program Files (x86)\NVIDIA Corporation\PhysX\Common;C:\WINDOWS\system32;C:\WINDOWS;C:\WINDOWS\System32\Wbem;C:\WINDOWS\System32\WindowsPowerShell\v1.0\;C:\WINDOWS\System32\OpenSSH\;C:\Program Files\Java\jdk-14\bin;C:\Program Files\dotnet\;C:\Program Files\Microsoft SQL Server\130\Tools\Binn\;C:\Program Files\Git\cmd;D:\ProgramFiles\Matlab\bin;C:\Program Files\Microsoft SQL Server\Client SDK\ODBC\170\Tools\Binn\;C:\Program Files (x86)\Microsoft SQL Server\150\Tools\Binn\;C:\Program Files\Microsoft SQL Server\150\Tools\Binn\;C:\Program Files\Microsoft SQL Server\150\DTS\Binn\;C:\Program Files (x86)\Microsoft SQL Server\Client SDK\ODBC\130\Tools\Binn\;C:\Program Files (x86)\Microsoft SQL Server\140\Tools\Binn\;C:\Program Files (x86)\Microsoft SQL Server\140\DTS\Binn\;C:\Program Files (x86)\Microsoft SQL Server\140\Tools\Binn\ManagementStudio\;D:\app\oracle\product\11.2.0\server\bin;C:\Program Files (x86)\Common Files\Oracle\Java\javapath;C:\Program Files (x86)\Intel\iCLS Client\;C:\Program Files\Intel\iCLS Client\;C:\Windows\system32;C:\Windows;C:\Windows\System32\Wbem;C:\Windows\System32\WindowsPowerShell\v1.0\;C:\Program Files (x86)\Intel\Intel(R) Management Engine Components\DAL;C:\Program Files\Intel\Intel(R) Management Engine Components\DAL;C:\Program F
USERNAME=Rotem
DISPLAY=:0.0
OS=Windows_NT
PROCESSOR_IDENTIFIER=Intel64 Family 6 Model 158 Stepping 9, GenuineIntel



---------------  S Y S T E M  ---------------

OS: Windows 10 , 64 bit Build 19041 (10.0.19041.804)

CPU:total 8 (initial active 8) (4 cores per cpu, 2 threads per core) family 6 model 158 stepping 9, cmov, cx8, fxsr, mmx, sse, sse2, sse3, ssse3, sse4.1, sse4.2, popcnt, avx, avx2, aes, clmul, erms, 3dnowpref, lzcnt, ht, tsc, tscinvbit, bmi1, bmi2, adx, fma

Memory: 4k page, system-wide physical 16276M (5335M free)
TotalPageFile size 18768M (AvailPageFile size 90M)
current process WorkingSet (physical memory assigned to process): 10M, peak: 10M
current process commit charge ("private bytes"): 60M, peak: 316M

vm_info: OpenJDK 64-Bit Server VM (11.0.4+10-b304.78) for windows-amd64 JRE (11.0.4+10-b304.78), built on Nov  5 2019 14:06:16 by "" with MS VC++ 14.0 (VS2015)

END.
