1620493799112	geckodriver	INFO	Listening on 127.0.0.1:59912
1620493802146	mozrunner::runner	INFO	Running command: "C:\\Program Files\\Mozilla Firefox\\firefox.exe" "--marionette" "-foreground" "-no-remote" "-profile" "C:\\Users\\Eilon\\AppData\\Local\\Temp\\rust_mozprofile5HD81E"
1620493802659	Marionette	INFO	Marionette enabled
console.warn: SearchSettings: "get: No settings file exists, new profile?" (new Error("", "(unknown module)"))
1620493805380	Marionette	INFO	Listening on port 59920
1620493805831	Marionette	WARN	TLS certificate errors will be ignored for this session
1620493809061	Marionette	INFO	Stopped listening on port 59920
[Parent 3632, IPC I/O Parent] WARNING: file /builds/worker/checkouts/gecko/ipc/chromium/src/base/process_util_win.cc:167

###!!! [Child][RunMessage] Error: Channel closing: too late to send/recv, messages will be lost

1620545392256	geckodriver	INFO	Listening on 127.0.0.1:52274
1620545395266	mozrunner::runner	INFO	Running command: "C:\\Program Files\\Mozilla Firefox\\firefox.exe" "--marionette" "-foreground" "-no-remote" "-profile" "C:\\Users\\Eilon\\AppData\\Local\\Temp\\rust_mozprofileIeT458"
1620545396222	Marionette	INFO	Marionette enabled
console.warn: SearchSettings: "get: No settings file exists, new profile?" (new Error("", "(unknown module)"))
1620545399857	Marionette	INFO	Listening on port 52282
1620545400126	Marionette	WARN	TLS certificate errors will be ignored for this session
1620545402726	Marionette	INFO	Stopped listening on port 52282

###!!! [Child][RunMessage] Error: Channel closing: too late to send/recv, messages will be lost

1620545403784	geckodriver	INFO	Listening on 127.0.0.1:52326
1620545406826	mozrunner::runner	INFO	Running command: "C:\\Program Files\\Mozilla Firefox\\firefox.exe" "--marionette" "-foreground" "-no-remote" "-profile" "C:\\Users\\Eilon\\AppData\\Local\\Temp\\rust_mozprofileUv5oFe"
1620545407332	Marionette	INFO	Marionette enabled
console.warn: SearchSettings: "get: No settings file exists, new profile?" (new Error("", "(unknown module)"))
1620545410194	Marionette	INFO	Listening on port 52334
1620545410517	Marionette	WARN	TLS certificate errors will be ignored for this session
1620545413775	Marionette	INFO	Stopped listening on port 52334
[Parent 3312, IPC I/O Parent] WARNING: file /builds/worker/checkouts/gecko/ipc/chromium/src/base/process_util_win.cc:167

###!!! [Child][RunMessage] Error: Channel closing: too late to send/recv, messages will be lost

1620545443035	geckodriver	INFO	Listening on 127.0.0.1:52381
1620545446088	mozrunner::runner	INFO	Running command: "C:\\Program Files\\Mozilla Firefox\\firefox.exe" "--marionette" "-foreground" "-no-remote" "-profile" "C:\\Users\\Eilon\\AppData\\Local\\Temp\\rust_mozprofileYwWaHP"
1620545446592	Marionette	INFO	Marionette enabled
console.warn: SearchSettings: "get: No settings file exists, new profile?" (new Error("", "(unknown module)"))
1620545449333	Marionette	INFO	Listening on port 52389
1620545449766	Marionette	WARN	TLS certificate errors will be ignored for this session
1620545452272	Marionette	INFO	Stopped listening on port 52389

###!!! [Child][RunMessage] Error: Channel closing: too late to send/recv, messages will be lost

1620545453312	geckodriver	INFO	Listening on 127.0.0.1:52433
1620545456357	mozrunner::runner	INFO	Running command: "C:\\Program Files\\Mozilla Firefox\\firefox.exe" "--marionette" "-foreground" "-no-remote" "-profile" "C:\\Users\\Eilon\\AppData\\Local\\Temp\\rust_mozprofileAZ6577"
1620545456836	Marionette	INFO	Marionette enabled
console.warn: SearchSettings: "get: No settings file exists, new profile?" (new Error("", "(unknown module)"))
1620545459454	Marionette	INFO	Listening on port 52441
1620545459547	Marionette	WARN	TLS certificate errors will be ignored for this session
1620545462902	Marionette	INFO	Stopped listening on port 52441

###!!! [Child][RunMessage] Error: Channel closing: too late to send/recv, messages will be lost

1621687724038	geckodriver	INFO	Listening on 127.0.0.1:54024
1621687727078	mozrunner::runner	INFO	Running command: "C:\\Program Files\\Mozilla Firefox\\firefox.exe" "--marionette" "-foreground" "-no-remote" "-profile" "C:\\Users\\nirb1\\AppData\\Local\\Temp\\rust_mozprofile2zqF2B"
console.warn: SearchSettings: "get: No settings file exists, new profile?" (new Error("", "(unknown module)"))
1621687733215	Marionette	INFO	Listening on port 54032
1621687733408	Marionette	WARN	TLS certificate errors will be ignored for this session
1621687735971	Marionette	INFO	Stopped listening on port 54032

###!!! [Child][RunMessage] Error: Channel closing: too late to send/recv, messages will be lost

1621687736673	geckodriver	INFO	Listening on 127.0.0.1:54084
1621687739704	mozrunner::runner	INFO	Running command: "C:\\Program Files\\Mozilla Firefox\\firefox.exe" "--marionette" "-foreground" "-no-remote" "-profile" "C:\\Users\\nirb1\\AppData\\Local\\Temp\\rust_mozprofile8ca4dY"
console.warn: SearchSettings: "get: No settings file exists, new profile?" (new Error("", "(unknown module)"))
1621687742715	Marionette	INFO	Listening on port 54092
1621687742885	Marionette	WARN	TLS certificate errors will be ignored for this session
1621687745058	Marionette	INFO	Stopped listening on port 54092

###!!! [Child][RunMessage] Error: Channel closing: too late to send/recv, messages will be lost

